Library/Bee/Android/Prj/Mono2x/Gradle/launcher/build/intermediates/manifest_merge_blame_file/release/manifest-merger-blame-release-report.txt
1<?xml version="1.0" encoding="utf-8"?>
2<manifest xmlns:android="http://schemas.android.com/apk/res/android"
3    package="com.DefaultCompany.Mazeball"
4    android:installLocation="preferExternal"
5    android:versionCode="1"
6    android:versionName="1.0.2" >
7
8    <uses-sdk
9        android:minSdkVersion="22"
9-->src/main/AndroidManifest.xml
10        android:targetSdkVersion="32" />
10-->src/main/AndroidManifest.xml
11
12    <supports-screens
12-->src/main/AndroidManifest.xml:4:3-163
13        android:anyDensity="true"
13-->src/main/AndroidManifest.xml:4:135-160
14        android:largeScreens="true"
14-->src/main/AndroidManifest.xml:4:78-105
15        android:normalScreens="true"
15-->src/main/AndroidManifest.xml:4:49-77
16        android:smallScreens="true"
16-->src/main/AndroidManifest.xml:4:21-48
17        android:xlargeScreens="true" />
17-->src/main/AndroidManifest.xml:4:106-134
18
19    <uses-permission android:name="android.permission.INTERNET" />
19-->[:unityLibrary] AndroidManifest.xml:10:5-67
19-->[:unityLibrary] AndroidManifest.xml:10:22-64
20
21    <uses-feature android:glEsVersion="0x00030000" />
21-->[:unityLibrary] AndroidManifest.xml:12:5-54
21-->[:unityLibrary] AndroidManifest.xml:12:19-51
22    <uses-feature
22-->[:unityLibrary] AndroidManifest.xml:13:5-15:36
23        android:name="android.hardware.vulkan.version"
23-->[:unityLibrary] AndroidManifest.xml:14:9-55
24        android:required="false" />
24-->[:unityLibrary] AndroidManifest.xml:15:9-33
25    <uses-feature
25-->[:unityLibrary] AndroidManifest.xml:16:5-18:36
26        android:name="android.hardware.sensor.accelerometer"
26-->[:unityLibrary] AndroidManifest.xml:17:9-61
27        android:required="false" />
27-->[:unityLibrary] AndroidManifest.xml:18:9-33
28    <uses-feature
28-->[:unityLibrary] AndroidManifest.xml:19:5-21:36
29        android:name="android.hardware.touchscreen"
29-->[:unityLibrary] AndroidManifest.xml:20:9-52
30        android:required="false" />
30-->[:unityLibrary] AndroidManifest.xml:21:9-33
31    <uses-feature
31-->[:unityLibrary] AndroidManifest.xml:22:5-24:36
32        android:name="android.hardware.touchscreen.multitouch"
32-->[:unityLibrary] AndroidManifest.xml:23:9-63
33        android:required="false" />
33-->[:unityLibrary] AndroidManifest.xml:24:9-33
34    <uses-feature
34-->[:unityLibrary] AndroidManifest.xml:25:5-27:36
35        android:name="android.hardware.touchscreen.multitouch.distinct"
35-->[:unityLibrary] AndroidManifest.xml:26:9-72
36        android:required="false" />
36-->[:unityLibrary] AndroidManifest.xml:27:9-33
37
38    <uses-permission android:name="android.permission.POST_NOTIFICATIONS" />
38-->[:unityLibrary] AndroidManifest.xml:29:5-77
38-->[:unityLibrary] AndroidManifest.xml:29:22-74
39
40    <application
40-->src/main/AndroidManifest.xml:3:3-83
41        android:extractNativeLibs="true"
41-->[:unityLibrary] AndroidManifest.xml:31:18-50
42        android:icon="@mipmap/app_icon"
42-->src/main/AndroidManifest.xml:3:49-80
43        android:label="@string/app_name" >
43-->src/main/AndroidManifest.xml:3:16-48
44        <meta-data
44-->[:unityLibrary] AndroidManifest.xml:32:9-34:33
45            android:name="unity.splash-mode"
45-->[:unityLibrary] AndroidManifest.xml:33:13-45
46            android:value="0" />
46-->[:unityLibrary] AndroidManifest.xml:34:13-30
47        <meta-data
47-->[:unityLibrary] AndroidManifest.xml:35:9-37:36
48            android:name="unity.splash-enable"
48-->[:unityLibrary] AndroidManifest.xml:36:13-47
49            android:value="True" />
49-->[:unityLibrary] AndroidManifest.xml:37:13-33
50        <meta-data
50-->[:unityLibrary] AndroidManifest.xml:38:9-40:36
51            android:name="unity.launch-fullscreen"
51-->[:unityLibrary] AndroidManifest.xml:39:13-51
52            android:value="True" />
52-->[:unityLibrary] AndroidManifest.xml:40:13-33
53        <meta-data
53-->[:unityLibrary] AndroidManifest.xml:41:9-43:37
54            android:name="unity.allow-resizable-window"
54-->[:unityLibrary] AndroidManifest.xml:42:13-56
55            android:value="False" />
55-->[:unityLibrary] AndroidManifest.xml:43:13-34
56        <meta-data
56-->[:unityLibrary] AndroidManifest.xml:44:9-46:50
57            android:name="notch.config"
57-->[:unityLibrary] AndroidManifest.xml:45:13-40
58            android:value="portrait|landscape" />
58-->[:unityLibrary] AndroidManifest.xml:46:13-47
59        <meta-data
59-->[:unityLibrary] AndroidManifest.xml:47:9-49:36
60            android:name="unity.auto-report-fully-drawn"
60-->[:unityLibrary] AndroidManifest.xml:48:13-57
61            android:value="true" />
61-->[:unityLibrary] AndroidManifest.xml:49:13-33
62
63        <activity
63-->[:unityLibrary] AndroidManifest.xml:51:9-72:20
64            android:name="com.unity3d.player.UnityPlayerActivity"
64-->[:unityLibrary] AndroidManifest.xml:52:13-66
65            android:configChanges="mcc|mnc|locale|touchscreen|keyboard|keyboardHidden|navigation|orientation|screenLayout|uiMode|screenSize|smallestScreenSize|fontScale|layoutDirection|density"
65-->[:unityLibrary] AndroidManifest.xml:53:13-194
66            android:exported="true"
66-->[:unityLibrary] AndroidManifest.xml:54:13-36
67            android:hardwareAccelerated="false"
67-->[:unityLibrary] AndroidManifest.xml:55:13-48
68            android:launchMode="singleTask"
68-->[:unityLibrary] AndroidManifest.xml:56:13-44
69            android:resizeableActivity="false"
69-->[:unityLibrary] AndroidManifest.xml:57:13-47
70            android:screenOrientation="landscape"
70-->[:unityLibrary] AndroidManifest.xml:58:13-50
71            android:theme="@style/UnityThemeSelector" >
71-->[:unityLibrary] AndroidManifest.xml:59:13-54
72            <intent-filter>
72-->[:unityLibrary] AndroidManifest.xml:60:13-64:29
73                <category android:name="android.intent.category.LAUNCHER" />
73-->[:unityLibrary] AndroidManifest.xml:61:17-77
73-->[:unityLibrary] AndroidManifest.xml:61:27-74
74
75                <action android:name="android.intent.action.MAIN" />
75-->[:unityLibrary] AndroidManifest.xml:63:17-69
75-->[:unityLibrary] AndroidManifest.xml:63:25-66
76            </intent-filter>
77
78            <meta-data
78-->[:unityLibrary] AndroidManifest.xml:66:13-68:40
79                android:name="unityplayer.UnityActivity"
79-->[:unityLibrary] AndroidManifest.xml:67:17-57
80                android:value="true" />
80-->[:unityLibrary] AndroidManifest.xml:68:17-37
81            <meta-data
81-->[:unityLibrary] AndroidManifest.xml:69:13-71:40
82                android:name="notch_support"
82-->[:unityLibrary] AndroidManifest.xml:70:17-45
83                android:value="true" />
83-->[:unityLibrary] AndroidManifest.xml:71:17-37
84        </activity>
85
86        <receiver
86-->[:unityLibrary] AndroidManifest.xml:74:9-76:40
87            android:name="com.unity.androidnotifications.UnityNotificationManager"
87-->[:unityLibrary] AndroidManifest.xml:75:13-83
88            android:exported="false" />
88-->[:unityLibrary] AndroidManifest.xml:76:13-37
89        <receiver
89-->[:unityLibrary] AndroidManifest.xml:77:9-84:20
90            android:name="com.unity.androidnotifications.UnityNotificationRestartOnBootReceiver"
90-->[:unityLibrary] AndroidManifest.xml:78:13-97
91            android:enabled="false"
91-->[:unityLibrary] AndroidManifest.xml:79:13-36
92            android:exported="false" >
92-->[:unityLibrary] AndroidManifest.xml:80:13-37
93            <intent-filter>
93-->[:unityLibrary] AndroidManifest.xml:81:13-83:29
94                <action android:name="android.intent.action.BOOT_COMPLETED" />
94-->[:unityLibrary] AndroidManifest.xml:82:17-79
94-->[:unityLibrary] AndroidManifest.xml:82:25-76
95            </intent-filter>
96        </receiver>
97
98        <meta-data
98-->[:unityLibrary] AndroidManifest.xml:86:9-88:33
99            android:name="com.unity.androidnotifications.exact_scheduling"
99-->[:unityLibrary] AndroidManifest.xml:87:13-75
100            android:value="0" />
100-->[:unityLibrary] AndroidManifest.xml:88:13-30
101    </application>
102
103</manifest>